CRITICAL - 2021-05-03 01:05:38 --> Undefined variable $tempatscript
#0 C:\xampp\htdocs\RPL\app\Views\index.php(83): CodeIgniter\Debug\Exceptions->errorHandler(2, 'Undefined varia...', 'C:\\xampp\\htdocs...', 83)
#1 C:\xampp\htdocs\RPL\vendor\codeigniter4\framework\system\View\View.php(220): include('C:\\xampp\\htdocs...')
#2 C:\xampp\htdocs\RPL\vendor\codeigniter4\framework\system\View\View.php(222): CodeIgniter\View\View->CodeIgniter\View\{closure}()
#3 C:\xampp\htdocs\RPL\vendor\codeigniter4\framework\system\Common.php(1217): CodeIgniter\View\View->render('index', Array, true)
#4 C:\xampp\htdocs\RPL\app\Controllers\Home.php(9): view('index')
#5 C:\xampp\htdocs\RPL\vendor\codeigniter4\framework\system\CodeIgniter.php(936): App\Controllers\Home->index()
#6 C:\xampp\htdocs\RPL\vendor\codeigniter4\framework\system\CodeIgniter.php(432): CodeIgniter\CodeIgniter->runController(Object(App\Controllers\Home))
#7 C:\xampp\htdocs\RPL\vendor\codeigniter4\framework\system\CodeIgniter.php(333): CodeIgniter\CodeIgniter->handleRequest(NULL, Object(Config\Cache), false)
#8 C:\xampp\htdocs\RPL\public\index.php(44): CodeIgniter\CodeIgniter->run()
#9 C:\xampp\htdocs\RPL\vendor\codeigniter4\framework\system\Commands\Server\rewrite.php(45): require_once('C:\\xampp\\htdocs...')
#10 {main}
CRITICAL - 2021-05-03 01:13:26 --> include(../../app/Config/Paths.php): Failed to open stream: No such file or directory
#0 C:\xampp\htdocs\RPL\app\Views\index.php(23): CodeIgniter\Debug\Exceptions->errorHandler(2, 'include(../../a...', 'C:\\xampp\\htdocs...', 23)
#1 C:\xampp\htdocs\RPL\app\Views\index.php(23): include()
#2 C:\xampp\htdocs\RPL\vendor\codeigniter4\framework\system\View\View.php(220): include('C:\\xampp\\htdocs...')
#3 C:\xampp\htdocs\RPL\vendor\codeigniter4\framework\system\View\View.php(222): CodeIgniter\View\View->CodeIgniter\View\{closure}()
#4 C:\xampp\htdocs\RPL\vendor\codeigniter4\framework\system\Common.php(1217): CodeIgniter\View\View->render('index', Array, true)
#5 C:\xampp\htdocs\RPL\app\Controllers\Home.php(9): view('index')
#6 C:\xampp\htdocs\RPL\vendor\codeigniter4\framework\system\CodeIgniter.php(936): App\Controllers\Home->index()
#7 C:\xampp\htdocs\RPL\vendor\codeigniter4\framework\system\CodeIgniter.php(432): CodeIgniter\CodeIgniter->runController(Object(App\Controllers\Home))
#8 C:\xampp\htdocs\RPL\vendor\codeigniter4\framework\system\CodeIgniter.php(333): CodeIgniter\CodeIgniter->handleRequest(NULL, Object(Config\Cache), false)
#9 C:\xampp\htdocs\RPL\public\index.php(44): CodeIgniter\CodeIgniter->run()
#10 C:\xampp\htdocs\RPL\vendor\codeigniter4\framework\system\Commands\Server\rewrite.php(45): require_once('C:\\xampp\\htdocs...')
#11 {main}
CRITICAL - 2021-05-03 01:16:13 --> syntax error, unexpected string content "", expecting "-" or identifier or variable or number
#0 C:\xampp\htdocs\RPL\vendor\codeigniter4\framework\system\View\View.php(222): CodeIgniter\View\View->CodeIgniter\View\{closure}()
#1 C:\xampp\htdocs\RPL\vendor\codeigniter4\framework\system\Common.php(1217): CodeIgniter\View\View->render('index', Array, true)
#2 C:\xampp\htdocs\RPL\app\Controllers\Home.php(9): view('index')
#3 C:\xampp\htdocs\RPL\vendor\codeigniter4\framework\system\CodeIgniter.php(936): App\Controllers\Home->index()
#4 C:\xampp\htdocs\RPL\vendor\codeigniter4\framework\system\CodeIgniter.php(432): CodeIgniter\CodeIgniter->runController(Object(App\Controllers\Home))
#5 C:\xampp\htdocs\RPL\vendor\codeigniter4\framework\system\CodeIgniter.php(333): CodeIgniter\CodeIgniter->handleRequest(NULL, Object(Config\Cache), false)
#6 C:\xampp\htdocs\RPL\public\index.php(44): CodeIgniter\CodeIgniter->run()
#7 C:\xampp\htdocs\RPL\vendor\codeigniter4\framework\system\Commands\Server\rewrite.php(45): require_once('C:\\xampp\\htdocs...')
#8 {main}
CRITICAL - 2021-05-03 01:30:31 --> include(../Config/Paths.php): Failed to open stream: No such file or directory
#0 C:\xampp\htdocs\RPL\app\Views\index.php(23): CodeIgniter\Debug\Exceptions->errorHandler(2, 'include(../Conf...', 'C:\\xampp\\htdocs...', 23)
#1 C:\xampp\htdocs\RPL\app\Views\index.php(23): include()
#2 C:\xampp\htdocs\RPL\vendor\codeigniter4\framework\system\View\View.php(220): include('C:\\xampp\\htdocs...')
#3 C:\xampp\htdocs\RPL\vendor\codeigniter4\framework\system\View\View.php(222): CodeIgniter\View\View->CodeIgniter\View\{closure}()
#4 C:\xampp\htdocs\RPL\vendor\codeigniter4\framework\system\Common.php(1217): CodeIgniter\View\View->render('index', Array, true)
#5 C:\xampp\htdocs\RPL\app\Controllers\Home.php(9): view('index')
#6 C:\xampp\htdocs\RPL\vendor\codeigniter4\framework\system\CodeIgniter.php(936): App\Controllers\Home->index()
#7 C:\xampp\htdocs\RPL\vendor\codeigniter4\framework\system\CodeIgniter.php(432): CodeIgniter\CodeIgniter->runController(Object(App\Controllers\Home))
#8 C:\xampp\htdocs\RPL\vendor\codeigniter4\framework\system\CodeIgniter.php(333): CodeIgniter\CodeIgniter->handleRequest(NULL, Object(Config\Cache), false)
#9 C:\xampp\htdocs\RPL\public\index.php(44): CodeIgniter\CodeIgniter->run()
#10 C:\xampp\htdocs\RPL\vendor\codeigniter4\framework\system\Commands\Server\rewrite.php(45): require_once('C:\\xampp\\htdocs...')
#11 {main}
CRITICAL - 2021-05-03 01:30:32 --> include(../Config/Paths.php): Failed to open stream: No such file or directory
#0 C:\xampp\htdocs\RPL\app\Views\index.php(23): CodeIgniter\Debug\Exceptions->errorHandler(2, 'include(../Conf...', 'C:\\xampp\\htdocs...', 23)
#1 C:\xampp\htdocs\RPL\app\Views\index.php(23): include()
#2 C:\xampp\htdocs\RPL\vendor\codeigniter4\framework\system\View\View.php(220): include('C:\\xampp\\htdocs...')
#3 C:\xampp\htdocs\RPL\vendor\codeigniter4\framework\system\View\View.php(222): CodeIgniter\View\View->CodeIgniter\View\{closure}()
#4 C:\xampp\htdocs\RPL\vendor\codeigniter4\framework\system\Common.php(1217): CodeIgniter\View\View->render('index', Array, true)
#5 C:\xampp\htdocs\RPL\app\Controllers\Home.php(9): view('index')
#6 C:\xampp\htdocs\RPL\vendor\codeigniter4\framework\system\CodeIgniter.php(936): App\Controllers\Home->index()
#7 C:\xampp\htdocs\RPL\vendor\codeigniter4\framework\system\CodeIgniter.php(432): CodeIgniter\CodeIgniter->runController(Object(App\Controllers\Home))
#8 C:\xampp\htdocs\RPL\vendor\codeigniter4\framework\system\CodeIgniter.php(333): CodeIgniter\CodeIgniter->handleRequest(NULL, Object(Config\Cache), false)
#9 C:\xampp\htdocs\RPL\public\index.php(44): CodeIgniter\CodeIgniter->run()
#10 C:\xampp\htdocs\RPL\vendor\codeigniter4\framework\system\Commands\Server\rewrite.php(45): require_once('C:\\xampp\\htdocs...')
#11 {main}
CRITICAL - 2021-05-03 01:30:32 --> include(../Config/Paths.php): Failed to open stream: No such file or directory
#0 C:\xampp\htdocs\RPL\app\Views\index.php(23): CodeIgniter\Debug\Exceptions->errorHandler(2, 'include(../Conf...', 'C:\\xampp\\htdocs...', 23)
#1 C:\xampp\htdocs\RPL\app\Views\index.php(23): include()
#2 C:\xampp\htdocs\RPL\vendor\codeigniter4\framework\system\View\View.php(220): include('C:\\xampp\\htdocs...')
#3 C:\xampp\htdocs\RPL\vendor\codeigniter4\framework\system\View\View.php(222): CodeIgniter\View\View->CodeIgniter\View\{closure}()
#4 C:\xampp\htdocs\RPL\vendor\codeigniter4\framework\system\Common.php(1217): CodeIgniter\View\View->render('index', Array, true)
#5 C:\xampp\htdocs\RPL\app\Controllers\Home.php(9): view('index')
#6 C:\xampp\htdocs\RPL\vendor\codeigniter4\framework\system\CodeIgniter.php(936): App\Controllers\Home->index()
#7 C:\xampp\htdocs\RPL\vendor\codeigniter4\framework\system\CodeIgniter.php(432): CodeIgniter\CodeIgniter->runController(Object(App\Controllers\Home))
#8 C:\xampp\htdocs\RPL\vendor\codeigniter4\framework\system\CodeIgniter.php(333): CodeIgniter\CodeIgniter->handleRequest(NULL, Object(Config\Cache), false)
#9 C:\xampp\htdocs\RPL\public\index.php(44): CodeIgniter\CodeIgniter->run()
#10 C:\xampp\htdocs\RPL\vendor\codeigniter4\framework\system\Commands\Server\rewrite.php(45): require_once('C:\\xampp\\htdocs...')
#11 {main}
CRITICAL - 2021-05-03 01:30:33 --> include(../Config/Paths.php): Failed to open stream: No such file or directory
#0 C:\xampp\htdocs\RPL\app\Views\index.php(23): CodeIgniter\Debug\Exceptions->errorHandler(2, 'include(../Conf...', 'C:\\xampp\\htdocs...', 23)
#1 C:\xampp\htdocs\RPL\app\Views\index.php(23): include()
#2 C:\xampp\htdocs\RPL\vendor\codeigniter4\framework\system\View\View.php(220): include('C:\\xampp\\htdocs...')
#3 C:\xampp\htdocs\RPL\vendor\codeigniter4\framework\system\View\View.php(222): CodeIgniter\View\View->CodeIgniter\View\{closure}()
#4 C:\xampp\htdocs\RPL\vendor\codeigniter4\framework\system\Common.php(1217): CodeIgniter\View\View->render('index', Array, true)
#5 C:\xampp\htdocs\RPL\app\Controllers\Home.php(9): view('index')
#6 C:\xampp\htdocs\RPL\vendor\codeigniter4\framework\system\CodeIgniter.php(936): App\Controllers\Home->index()
#7 C:\xampp\htdocs\RPL\vendor\codeigniter4\framework\system\CodeIgniter.php(432): CodeIgniter\CodeIgniter->runController(Object(App\Controllers\Home))
#8 C:\xampp\htdocs\RPL\vendor\codeigniter4\framework\system\CodeIgniter.php(333): CodeIgniter\CodeIgniter->handleRequest(NULL, Object(Config\Cache), false)
#9 C:\xampp\htdocs\RPL\public\index.php(44): CodeIgniter\CodeIgniter->run()
#10 C:\xampp\htdocs\RPL\vendor\codeigniter4\framework\system\Commands\Server\rewrite.php(45): require_once('C:\\xampp\\htdocs...')
#11 {main}
CRITICAL - 2021-05-03 01:30:33 --> include(../Config/Paths.php): Failed to open stream: No such file or directory
#0 C:\xampp\htdocs\RPL\app\Views\index.php(23): CodeIgniter\Debug\Exceptions->errorHandler(2, 'include(../Conf...', 'C:\\xampp\\htdocs...', 23)
#1 C:\xampp\htdocs\RPL\app\Views\index.php(23): include()
#2 C:\xampp\htdocs\RPL\vendor\codeigniter4\framework\system\View\View.php(220): include('C:\\xampp\\htdocs...')
#3 C:\xampp\htdocs\RPL\vendor\codeigniter4\framework\system\View\View.php(222): CodeIgniter\View\View->CodeIgniter\View\{closure}()
#4 C:\xampp\htdocs\RPL\vendor\codeigniter4\framework\system\Common.php(1217): CodeIgniter\View\View->render('index', Array, true)
#5 C:\xampp\htdocs\RPL\app\Controllers\Home.php(9): view('index')
#6 C:\xampp\htdocs\RPL\vendor\codeigniter4\framework\system\CodeIgniter.php(936): App\Controllers\Home->index()
#7 C:\xampp\htdocs\RPL\vendor\codeigniter4\framework\system\CodeIgniter.php(432): CodeIgniter\CodeIgniter->runController(Object(App\Controllers\Home))
#8 C:\xampp\htdocs\RPL\vendor\codeigniter4\framework\system\CodeIgniter.php(333): CodeIgniter\CodeIgniter->handleRequest(NULL, Object(Config\Cache), false)
#9 C:\xampp\htdocs\RPL\public\index.php(44): CodeIgniter\CodeIgniter->run()
#10 C:\xampp\htdocs\RPL\vendor\codeigniter4\framework\system\Commands\Server\rewrite.php(45): require_once('C:\\xampp\\htdocs...')
#11 {main}
CRITICAL - 2021-05-03 01:30:34 --> include(../Config/Paths.php): Failed to open stream: No such file or directory
#0 C:\xampp\htdocs\RPL\app\Views\index.php(23): CodeIgniter\Debug\Exceptions->errorHandler(2, 'include(../Conf...', 'C:\\xampp\\htdocs...', 23)
#1 C:\xampp\htdocs\RPL\app\Views\index.php(23): include()
#2 C:\xampp\htdocs\RPL\vendor\codeigniter4\framework\system\View\View.php(220): include('C:\\xampp\\htdocs...')
#3 C:\xampp\htdocs\RPL\vendor\codeigniter4\framework\system\View\View.php(222): CodeIgniter\View\View->CodeIgniter\View\{closure}()
#4 C:\xampp\htdocs\RPL\vendor\codeigniter4\framework\system\Common.php(1217): CodeIgniter\View\View->render('index', Array, true)
#5 C:\xampp\htdocs\RPL\app\Controllers\Home.php(9): view('index')
#6 C:\xampp\htdocs\RPL\vendor\codeigniter4\framework\system\CodeIgniter.php(936): App\Controllers\Home->index()
#7 C:\xampp\htdocs\RPL\vendor\codeigniter4\framework\system\CodeIgniter.php(432): CodeIgniter\CodeIgniter->runController(Object(App\Controllers\Home))
#8 C:\xampp\htdocs\RPL\vendor\codeigniter4\framework\system\CodeIgniter.php(333): CodeIgniter\CodeIgniter->handleRequest(NULL, Object(Config\Cache), false)
#9 C:\xampp\htdocs\RPL\public\index.php(44): CodeIgniter\CodeIgniter->run()
#10 C:\xampp\htdocs\RPL\vendor\codeigniter4\framework\system\Commands\Server\rewrite.php(45): require_once('C:\\xampp\\htdocs...')
#11 {main}
CRITICAL - 2021-05-03 01:30:34 --> include(../Config/Paths.php): Failed to open stream: No such file or directory
#0 C:\xampp\htdocs\RPL\app\Views\index.php(23): CodeIgniter\Debug\Exceptions->errorHandler(2, 'include(../Conf...', 'C:\\xampp\\htdocs...', 23)
#1 C:\xampp\htdocs\RPL\app\Views\index.php(23): include()
#2 C:\xampp\htdocs\RPL\vendor\codeigniter4\framework\system\View\View.php(220): include('C:\\xampp\\htdocs...')
#3 C:\xampp\htdocs\RPL\vendor\codeigniter4\framework\system\View\View.php(222): CodeIgniter\View\View->CodeIgniter\View\{closure}()
#4 C:\xampp\htdocs\RPL\vendor\codeigniter4\framework\system\Common.php(1217): CodeIgniter\View\View->render('index', Array, true)
#5 C:\xampp\htdocs\RPL\app\Controllers\Home.php(9): view('index')
#6 C:\xampp\htdocs\RPL\vendor\codeigniter4\framework\system\CodeIgniter.php(936): App\Controllers\Home->index()
#7 C:\xampp\htdocs\RPL\vendor\codeigniter4\framework\system\CodeIgniter.php(432): CodeIgniter\CodeIgniter->runController(Object(App\Controllers\Home))
#8 C:\xampp\htdocs\RPL\vendor\codeigniter4\framework\system\CodeIgniter.php(333): CodeIgniter\CodeIgniter->handleRequest(NULL, Object(Config\Cache), false)
#9 C:\xampp\htdocs\RPL\public\index.php(44): CodeIgniter\CodeIgniter->run()
#10 C:\xampp\htdocs\RPL\vendor\codeigniter4\framework\system\Commands\Server\rewrite.php(45): require_once('C:\\xampp\\htdocs...')
#11 {main}
CRITICAL - 2021-05-03 01:30:35 --> include(../Config/Paths.php): Failed to open stream: No such file or directory
#0 C:\xampp\htdocs\RPL\app\Views\index.php(23): CodeIgniter\Debug\Exceptions->errorHandler(2, 'include(../Conf...', 'C:\\xampp\\htdocs...', 23)
#1 C:\xampp\htdocs\RPL\app\Views\index.php(23): include()
#2 C:\xampp\htdocs\RPL\vendor\codeigniter4\framework\system\View\View.php(220): include('C:\\xampp\\htdocs...')
#3 C:\xampp\htdocs\RPL\vendor\codeigniter4\framework\system\View\View.php(222): CodeIgniter\View\View->CodeIgniter\View\{closure}()
#4 C:\xampp\htdocs\RPL\vendor\codeigniter4\framework\system\Common.php(1217): CodeIgniter\View\View->render('index', Array, true)
#5 C:\xampp\htdocs\RPL\app\Controllers\Home.php(9): view('index')
#6 C:\xampp\htdocs\RPL\vendor\codeigniter4\framework\system\CodeIgniter.php(936): App\Controllers\Home->index()
#7 C:\xampp\htdocs\RPL\vendor\codeigniter4\framework\system\CodeIgniter.php(432): CodeIgniter\CodeIgniter->runController(Object(App\Controllers\Home))
#8 C:\xampp\htdocs\RPL\vendor\codeigniter4\framework\system\CodeIgniter.php(333): CodeIgniter\CodeIgniter->handleRequest(NULL, Object(Config\Cache), false)
#9 C:\xampp\htdocs\RPL\public\index.php(44): CodeIgniter\CodeIgniter->run()
#10 C:\xampp\htdocs\RPL\vendor\codeigniter4\framework\system\Commands\Server\rewrite.php(45): require_once('C:\\xampp\\htdocs...')
#11 {main}
CRITICAL - 2021-05-03 01:30:35 --> include(../Config/Paths.php): Failed to open stream: No such file or directory
#0 C:\xampp\htdocs\RPL\app\Views\index.php(23): CodeIgniter\Debug\Exceptions->errorHandler(2, 'include(../Conf...', 'C:\\xampp\\htdocs...', 23)
#1 C:\xampp\htdocs\RPL\app\Views\index.php(23): include()
#2 C:\xampp\htdocs\RPL\vendor\codeigniter4\framework\system\View\View.php(220): include('C:\\xampp\\htdocs...')
#3 C:\xampp\htdocs\RPL\vendor\codeigniter4\framework\system\View\View.php(222): CodeIgniter\View\View->CodeIgniter\View\{closure}()
#4 C:\xampp\htdocs\RPL\vendor\codeigniter4\framework\system\Common.php(1217): CodeIgniter\View\View->render('index', Array, true)
#5 C:\xampp\htdocs\RPL\app\Controllers\Home.php(9): view('index')
#6 C:\xampp\htdocs\RPL\vendor\codeigniter4\framework\system\CodeIgniter.php(936): App\Controllers\Home->index()
#7 C:\xampp\htdocs\RPL\vendor\codeigniter4\framework\system\CodeIgniter.php(432): CodeIgniter\CodeIgniter->runController(Object(App\Controllers\Home))
#8 C:\xampp\htdocs\RPL\vendor\codeigniter4\framework\system\CodeIgniter.php(333): CodeIgniter\CodeIgniter->handleRequest(NULL, Object(Config\Cache), false)
#9 C:\xampp\htdocs\RPL\public\index.php(44): CodeIgniter\CodeIgniter->run()
#10 C:\xampp\htdocs\RPL\vendor\codeigniter4\framework\system\Commands\Server\rewrite.php(45): require_once('C:\\xampp\\htdocs...')
#11 {main}
CRITICAL - 2021-05-03 01:30:35 --> include(../Config/Paths.php): Failed to open stream: No such file or directory
#0 C:\xampp\htdocs\RPL\app\Views\index.php(23): CodeIgniter\Debug\Exceptions->errorHandler(2, 'include(../Conf...', 'C:\\xampp\\htdocs...', 23)
#1 C:\xampp\htdocs\RPL\app\Views\index.php(23): include()
#2 C:\xampp\htdocs\RPL\vendor\codeigniter4\framework\system\View\View.php(220): include('C:\\xampp\\htdocs...')
#3 C:\xampp\htdocs\RPL\vendor\codeigniter4\framework\system\View\View.php(222): CodeIgniter\View\View->CodeIgniter\View\{closure}()
#4 C:\xampp\htdocs\RPL\vendor\codeigniter4\framework\system\Common.php(1217): CodeIgniter\View\View->render('index', Array, true)
#5 C:\xampp\htdocs\RPL\app\Controllers\Home.php(9): view('index')
#6 C:\xampp\htdocs\RPL\vendor\codeigniter4\framework\system\CodeIgniter.php(936): App\Controllers\Home->index()
#7 C:\xampp\htdocs\RPL\vendor\codeigniter4\framework\system\CodeIgniter.php(432): CodeIgniter\CodeIgniter->runController(Object(App\Controllers\Home))
#8 C:\xampp\htdocs\RPL\vendor\codeigniter4\framework\system\CodeIgniter.php(333): CodeIgniter\CodeIgniter->handleRequest(NULL, Object(Config\Cache), false)
#9 C:\xampp\htdocs\RPL\public\index.php(44): CodeIgniter\CodeIgniter->run()
#10 C:\xampp\htdocs\RPL\vendor\codeigniter4\framework\system\Commands\Server\rewrite.php(45): require_once('C:\\xampp\\htdocs...')
#11 {main}
